2025-06-09 23:01:55,123 - INFO - Starting Student Score Prediction Pipeline
2025-06-09 23:01:55,124 - INFO - Phase 4 data already exists, skipping preprocessing
2025-06-09 23:01:55,125 - INFO - Phase 5 model already exists, skipping training
2025-06-09 23:01:55,125 - INFO - Generating final predictions
2025-06-09 23:01:56,959 - INFO - Loaded trained model successfully
2025-06-09 23:01:57,082 - INFO - Loaded dataset with 15895 records
2025-06-09 23:01:57,089 - WARNING - Model prediction failed: columns are missing: {'performance_vs_age_peers'}
2025-06-09 23:01:57,127 - INFO - Saved predictions to subscription_predictions.csv
2025-06-09 23:01:57,164 - INFO - Saved predictions to student_score_predictions.csv
2025-06-09 23:01:57,164 - INFO - Generated 15895 predictions
2025-06-09 23:01:57,165 - INFO - Prediction range: 67.17 - 67.17
2025-06-09 23:01:57,165 - INFO - Mean predicted score: 67.17
2025-06-09 23:01:57,166 - INFO - Mean Absolute Error: 11.65
2025-06-09 23:01:57,170 - INFO - Pipeline execution completed successfully
2025-06-09 23:05:43,342 - INFO - Starting Student Score Prediction Pipeline
2025-06-09 23:05:43,350 - INFO - Phase 4 data already exists, skipping preprocessing
2025-06-09 23:05:43,360 - INFO - Phase 5 model already exists, skipping training
2025-06-09 23:05:43,367 - INFO - Generating final predictions
2025-06-09 23:05:45,196 - INFO - Loaded trained model successfully
2025-06-09 23:05:45,315 - INFO - Loaded dataset with 15895 records
2025-06-09 23:05:45,322 - WARNING - Model prediction failed: columns are missing: {'performance_vs_age_peers'}
2025-06-09 23:05:45,357 - INFO - Saved predictions to student_score_predictions.csv
2025-06-09 23:05:45,389 - INFO - Saved predictions to subscription_predictions.csv
2025-06-09 23:05:45,391 - INFO - Generated 15895 predictions
2025-06-09 23:05:45,392 - INFO - Prediction range: 67.17 - 67.17
2025-06-09 23:05:45,393 - INFO - Mean predicted score: 67.17
2025-06-09 23:05:45,394 - INFO - Mean Absolute Error: 11.65
2025-06-09 23:05:45,396 - INFO - Pipeline execution completed successfully
2025-06-09 23:07:01,035 - INFO - Starting Student Score Prediction Pipeline
2025-06-09 23:07:01,035 - INFO - Phase 4 data already exists, skipping preprocessing
2025-06-09 23:07:01,036 - INFO - Phase 5 model already exists, skipping training
2025-06-09 23:07:01,036 - INFO - Generating final predictions
2025-06-09 23:07:02,596 - INFO - Loaded trained model successfully
2025-06-09 23:07:02,726 - INFO - Loaded dataset with 15895 records
2025-06-09 23:07:02,731 - WARNING - Model prediction failed: columns are missing: {'performance_vs_age_peers'}
2025-06-09 23:07:02,777 - INFO - Saved predictions to student_score_predictions.csv
2025-06-09 23:07:02,812 - INFO - Saved predictions to subscription_predictions.csv
2025-06-09 23:07:02,812 - INFO - Generated 15895 predictions
2025-06-09 23:07:02,813 - INFO - Prediction range: 67.17 - 67.17
2025-06-09 23:07:02,813 - INFO - Mean predicted score: 67.17
2025-06-09 23:07:02,814 - INFO - Mean Absolute Error: 11.65
2025-06-09 23:07:02,816 - INFO - Pipeline execution completed successfully
